[    0.000000] Linux version 4.15.0-212-generic (buildd@lcy02-amd64-083) (gcc version 7.5.0 (Ubuntu 7.5.0-3ubuntu1~18.04)) #223-Ubuntu SMP Tue May 23 13:09:22 UTC 2023 (Ubuntu 4.15.0-212.223-generic 4.15.18)
[    0.000000] Command line: BOOT_IMAGE=/boot/vmlinuz-4.15.0-212-generic root=LABEL=cloudimg-rootfs ro console=tty1 console=ttyS0
[    0.000000] KERNEL supported cpus:
[    0.000000]   Intel GenuineIntel
[    0.000000]   AMD AuthenticAMD
[    0.000000]   Centaur CentaurHauls
[    0.000000] x86/fpu: Supporting XSAVE feature 0x001: 'x87 floating point registers'
[    0.000000] x86/fpu: Supporting XSAVE feature 0x002: 'SSE registers'
[    0.000000] x86/fpu: Supporting XSAVE feature 0x004: 'AVX registers'
[    0.000000] x86/fpu: xstate_offset[2]:  576, xstate_sizes[2]:  256
[    0.000000] x86/fpu: Enabled xstate features 0x7, context size is 832 bytes, using 'standard' format.
[    0.000000] e820: BIOS-provided physical RAM map:
[    0.000000] BIOS-e820: [mem 0x0000000000000000-0x000000000009fbff] usable
[    0.000000] BIOS-e820: [mem 0x000000000009fc00-0x000000000009ffff] reserved
[    0.000000] BIOS-e820: [mem 0x00000000000f0000-0x00000000000fffff] reserved
[    0.000000] BIOS-e820: [mem 0x0000000000100000-0x000000003ffeffff] usable
[    0.000000] BIOS-e820: [mem 0x000000003fff0000-0x000000003fffffff] ACPI data
[    0.000000] BIOS-e820: [mem 0x00000000fec00000-0x00000000fec00fff] reserved
[    0.000000] BIOS-e820: [mem 0x00000000fee00000-0x00000000fee00fff] reserved
[    0.000000] BIOS-e820: [mem 0x00000000fffc0000-0x00000000ffffffff] reserved
[    0.000000] NX (Execute Disable) protection: active
[    0.000000] SMBIOS 2.5 present.
[    0.000000] DMI: innotek GmbH VirtualBox/VirtualBox, BIOS VirtualBox 12/01/2006
[    0.000000] Hypervisor detected: KVM
[    0.000000] e820: last_pfn = 0x3fff0 max_arch_pfn = 0x400000000
[    0.000000] MTRR: Disabled
[    0.000000] x86/PAT: MTRRs disabled, skipping PAT initialization too.
[    0.000000] CPU MTRRs all blank - virtualized system.
[    0.000000] x86/PAT: Configuration [0-7]: WB  WT  UC- UC  WB  WT  UC- UC  
[    0.000000] found SMP MP-table at [mem 0x0009fff0-0x0009ffff]
[    0.000000] Scanning 1 areas for low memory corruption
[    0.000000] RAMDISK: [mem 0x359cb000-0x36cdcfff]
[    0.000000] ACPI: Early table checksum verification disabled
[    0.000000] ACPI: RSDP 0x00000000000E0000 000024 (v02 VBOX  )
[    0.000000] ACPI: XSDT 0x000000003FFF0030 00003C (v01 VBOX   VBOXXSDT 00000001 ASL  00000061)
[    0.000000] ACPI: FACP 0x000000003FFF00F0 0000F4 (v04 VBOX   VBOXFACP 00000001 ASL  00000061)
[    0.000000] ACPI: DSDT 0x000000003FFF0610 002353 (v02 VBOX   VBOXBIOS 00000002 INTL 20200925)
[    0.000000] ACPI: FACS 0x000000003FFF0200 000040
[    0.000000] ACPI: FACS 0x000000003FFF0200 000040
[    0.000000] ACPI: APIC 0x000000003FFF0240 00005C (v02 VBOX   VBOXAPIC 00000001 ASL  00000061)
[    0.000000] ACPI: SSDT 0x000000003FFF02A0 00036C (v01 VBOX   VBOXCPUT 00000002 INTL 20200925)
[    0.000000] ACPI: Reserving FACP table memory at [mem 0x3fff00f0-0x3fff01e3]
[    0.000000] ACPI: Reserving DSDT table memory at [mem 0x3fff0610-0x3fff2962]
[    0.000000] ACPI: Reserving FACS table memory at [mem 0x3fff0200-0x3fff023f]
[    0.000000] ACPI: Reserving FACS table memory at [mem 0x3fff0200-0x3fff023f]
[    0.000000] ACPI: Reserving APIC table memory at [mem 0x3fff0240-0x3fff029b]
[    0.000000] ACPI: Reserving SSDT table memory at [mem 0x3fff02a0-0x3fff060b]
[    0.000000] No NUMA configuration found
[    0.000000] Faking a node at [mem 0x0000000000000000-0x000000003ffeffff]
[    0.000000] NODE_DATA(0) allocated [mem 0x3ffc5000-0x3ffeffff]
[    0.000000] kvm-clock: cpu 0, msr 0:3ff44001, primary cpu clock
[    0.000000] kvm-clock: Using msrs 4b564d01 and 4b564d00
[    0.000000] kvm-clock: using sched offset of 3062680859 cycles
[    0.000000] clocksource: kvm-clock: mask: 0xffffffffffffffff max_cycles: 0x1cd42e4dffb, max_idle_ns: 881590591483 ns
[    0.000000] Zone ranges:
[    0.000000]   DMA      [mem 0x0000000000001000-0x0000000000ffffff]
[    0.000000]   DMA32    [mem 0x0000000001000000-0x000000003ffeffff]
[    0.000000]   Normal   empty
[    0.000000]   Device   empty
[    0.000000] Movable zone start for each node
[    0.000000] Early memory node ranges
[    0.000000]   node   0: [mem 0x0000000000001000-0x000000000009efff]
[    0.000000]   node   0: [mem 0x0000000000100000-0x000000003ffeffff]
[    0.000000] Reserved but unavailable: 104 pages
[    0.000000] Initmem setup node 0 [mem 0x0000000000001000-0x000000003ffeffff]
[    0.000000] ACPI: PM-Timer IO Port: 0x4008
[    0.000000] IOAPIC[0]: apic_id 2, version 32, address 0xfec00000, GSI 0-23
[    0.000000] ACPI: INT_SRC_OVR (bus 0 bus_irq 0 global_irq 2 dfl dfl)
[    0.000000] ACPI: INT_SRC_OVR (bus 0 bus_irq 9 global_irq 9 low level)
[    0.000000] Using ACPI (MADT) for SMP configuration information
[    0.000000] smpboot: Allowing 2 CPUs, 0 hotplug CPUs
[    0.000000] PM: Registered nosave memory: [mem 0x00000000-0x00000fff]
[    0.000000] PM: Registered nosave memory: [mem 0x0009f000-0x0009ffff]
[    0.000000] PM: Registered nosave memory: [mem 0x000a0000-0x000effff]
[    0.000000] PM: Registered nosave memory: [mem 0x000f0000-0x000fffff]
[    0.000000] e820: [mem 0x40000000-0xfebfffff] available for PCI devices
[    0.000000] Booting paravirtualized kernel on KVM
[    0.000000] clocksource: refined-jiffies: mask: 0xffffffff max_cycles: 0xffffffff, max_idle_ns: 7645519600211568 ns
[    0.000000] setup_percpu: NR_CPUS:8192 nr_cpumask_bits:2 nr_cpu_ids:2 nr_node_ids:1
[    0.000000] percpu: Embedded 50 pages/cpu s167936 r8192 d28672 u1048576
[    0.000000] PV qspinlock hash table entries: 256 (order: 0, 4096 bytes)
[    0.000000] Built 1 zonelists, mobility grouping on.  Total pages: 257913
[    0.000000] Policy zone: DMA32
[    0.000000] Kernel command line: BOOT_IMAGE=/boot/vmlinuz-4.15.0-212-generic root=LABEL=cloudimg-rootfs ro console=tty1 console=ttyS0
[    0.000000] Memory: 982644K/1048120K available (12300K kernel code, 2477K rwdata, 4324K rodata, 2480K init, 2720K bss, 65476K reserved, 0K cma-reserved)
[    0.000000] SLUB: HWalign=64, Order=0-3, MinObjects=0, CPUs=2, Nodes=1
[    0.000000] Kernel/User page tables isolation: enabled
[    0.000000] ftrace: allocating 39508 entries in 155 pages
[    0.004000] Hierarchical RCU implementation.
[    0.004000] 	RCU restricting CPUs from NR_CPUS=8192 to nr_cpu_ids=2.
[    0.004000] 	Tasks RCU enabled.
[    0.004000] RCU: Adjusting geometry for rcu_fanout_leaf=16, nr_cpu_ids=2
[    0.004000] NR_IRQS: 524544, nr_irqs: 440, preallocated irqs: 16
[    0.004000] random: crng init done
[    0.004000] Console: colour VGA+ 80x25
[    0.004000] console [tty1] enabled
[    0.004000] console [ttyS0] enabled
[    0.004000] ACPI: Core revision 20170831
[    0.004000] ACPI: 2 ACPI AML tables successfully acquired and loaded
[    0.004000] APIC: Switch to symmetric I/O mode setup
[    0.004000] x2apic enabled
[    0.004000] Switched APIC routing to physical x2apic.
[    0.004000] ..TIMER: vector=0x30 apic1=0 pin1=2 apic2=-1 pin2=-1
[    0.004000] tsc: Detected 2419.200 MHz processor
[    0.004000] Calibrating delay loop (skipped) preset value.. 4838.40 BogoMIPS (lpj=9676800)
[    0.004000] pid_max: default: 32768 minimum: 301
[    0.004000] Security Framework initialized
[    0.004000] Yama: becoming mindful.
[    0.004000] AppArmor: AppArmor initialized
[    0.004000] Dentry cache hash table entries: 131072 (order: 8, 1048576 bytes)
[    0.004000] Inode-cache hash table entries: 65536 (order: 7, 524288 bytes)
[    0.004000] Mount-cache hash table entries: 2048 (order: 2, 16384 bytes)
[    0.004000] Mountpoint-cache hash table entries: 2048 (order: 2, 16384 bytes)
[    0.004000] Last level iTLB entries: 4KB 0, 2MB 0, 4MB 0
[    0.004000] Last level dTLB entries: 4KB 0, 2MB 0, 4MB 0, 1GB 0
[    0.004000] Spectre V1 : Mitigation: usercopy/swapgs barriers and __user pointer sanitization
[    0.004000] Spectre V2 : Mitigation: Retpolines
[    0.004000] Spectre V2 : Spectre v2 / SpectreRSB mitigation: Filling RSB on context switch
[    0.004000] Spectre V2 : Spectre v2 / SpectreRSB : Filling RSB on VMEXIT
[    0.004000] Speculative Store Bypass: Vulnerable
[    0.004000] MDS: Mitigation: Clear CPU buffers
[    0.004000] Freeing SMP alternatives memory: 36K
[    0.119116] APIC calibration not consistent with PM-Timer: 107ms instead of 100ms
[    0.120000] APIC delta adjusted to PM-Timer: 6482787 (6952234)
[    0.120052] smpboot: CPU0: 11th Gen Intel(R) Core(TM) i5-1135G7 @ 2.40GHz (family: 0x6, model: 0x8c, stepping: 0x1)
[    0.121682] Performance Events: unsupported p6 CPU model 140 no PMU driver, software events only.
[    0.122952] Hierarchical SRCU implementation.
[    0.124000] NMI watchdog: Perf event create on CPU 0 failed with -2
[    0.124002] NMI watchdog: Perf NMI watchdog permanently disabled
[    0.124901] smp: Bringing up secondary CPUs ...
[    0.125614] x86: Booting SMP configuration:
[    0.126226] .... node  #0, CPUs:      #1
[    0.004000] kvm-clock: cpu 1, msr 0:3ff44041, secondary cpu clock
[    0.130432] smp: Brought up 1 node, 2 CPUs
[    0.130432] smpboot: Max logical packages: 1
[    0.130432] smpboot: Total of 2 processors activated (9676.80 BogoMIPS)
[    0.132195] devtmpfs: initialized
[    0.132619] x86/mm: Memory block size: 128MB
[    0.133366] evm: security.selinux
[    0.133870] evm: security.SMACK64
[    0.134303] evm: security.SMACK64EXEC
[    0.134745] evm: security.SMACK64TRANSMUTE
[    0.136004] evm: security.SMACK64MMAP
[    0.136479] evm: security.apparmor
[    0.136971] evm: security.ima
[    0.137417] evm: security.capability
[    0.137994] clocksource: jiffies: mask: 0xffffffff max_cycles: 0xffffffff, max_idle_ns: 7645041785100000 ns
[    0.137994] futex hash table entries: 512 (order: 3, 32768 bytes)
[    0.140048] pinctrl core: initialized pinctrl subsystem
[    0.140945] RTC time: 18:12:10, date: 03/10/24
[    0.141681] NET: Registered protocol family 16
[    0.142358] audit: initializing netlink subsys (disabled)
[    0.144013] audit: type=2000 audit(1710094334.912:1): state=initialized audit_enabled=0 res=1
[    0.145464] cpuidle: using governor ladder
[    0.145464] cpuidle: using governor menu
[    0.145464] ACPI: bus type PCI registered
[    0.148008] acpiphp: ACPI Hot Plug PCI Controller Driver version: 0.5
[    0.149200] PCI: Using configuration type 1 for base access
[    0.150060] HugeTLB registered 2.00 MiB page size, pre-allocated 0 pages
[    0.152065] ACPI: Added _OSI(Module Device)
[    0.152620] ACPI: Added _OSI(Processor Device)
[    0.153130] ACPI: Added _OSI(3.0 _SCP Extensions)
[    0.153692] ACPI: Added _OSI(Processor Aggregator Device)
[    0.154433] ACPI: Added _OSI(Linux-Dell-Video)
[    0.154996] ACPI: Added _OSI(Linux-Lenovo-NV-HDMI-Audio)
[    0.155602] ACPI: Added _OSI(Linux-HPI-Hybrid-Graphics)
[    0.156196] ACPI: Executed 1 blocks of module-level executable AML code
[    0.159774] ACPI: Interpreter enabled
[    0.160017] ACPI: (supports S0 S5)
[    0.160612] ACPI: Using IOAPIC for interrupt routing
[    0.161812] PCI: Using host bridge windows from ACPI; if necessary, use "pci=nocrs" and report a bug
[    0.163475] ACPI: Enabled 2 GPEs in block 00 to 07
[    0.169570] ACPI: PCI Root Bridge [PCI0] (domain 0000 [bus 00-ff])
[    0.170391] acpi PNP0A03:00: _OSC: OS supports [ASPM ClockPM Segments MSI]
[    0.171732] acpi PNP0A03:00: _OSC: not requesting OS control; OS requires [ExtendedConfig ASPM ClockPM MSI]
[    0.172018] acpi PNP0A03:00: fail to add MMCONFIG information, can't access extended PCI configuration space under this bridge.
[    0.173604] PCI host bridge to bus 0000:00
[    0.174179] pci_bus 0000:00: root bus resource [io  0x0000-0x0cf7 window]
[    0.175112] pci_bus 0000:00: root bus resource [io  0x0d00-0xffff window]
[    0.176007] pci_bus 0000:00: root bus resource [mem 0x000a0000-0x000bffff window]
[    0.177037] pci_bus 0000:00: root bus resource [mem 0x40000000-0xfdffffff window]
[    0.178255] pci_bus 0000:00: root bus resource [bus 00-ff]
[    0.181561] pci 0000:00:01.1: legacy IDE quirk: reg 0x10: [io  0x01f0-0x01f7]
[    0.182567] pci 0000:00:01.1: legacy IDE quirk: reg 0x14: [io  0x03f6]
[    0.183436] pci 0000:00:01.1: legacy IDE quirk: reg 0x18: [io  0x0170-0x0177]
[    0.184004] pci 0000:00:01.1: legacy IDE quirk: reg 0x1c: [io  0x0376]
[    0.194046] pci 0000:00:07.0: quirk: [io  0x4000-0x403f] claimed by PIIX4 ACPI
[    0.195361] pci 0000:00:07.0: quirk: [io  0x4100-0x410f] claimed by PIIX4 SMB
[    0.203101] ACPI: PCI Interrupt Link [LNKA] (IRQs 5 9 10 *11)
[    0.204042] ACPI: PCI Interrupt Link [LNKB] (IRQs 5 9 *10 11)
[    0.204896] ACPI: PCI Interrupt Link [LNKC] (IRQs 5 *9 10 11)
[    0.205806] ACPI: PCI Interrupt Link [LNKD] (IRQs 5 9 10 *11)
[    0.207075] SCSI subsystem initialized
[    0.207663] pci 0000:00:02.0: vgaarb: setting as boot VGA device
[    0.207663] pci 0000:00:02.0: vgaarb: VGA device added: decodes=io+mem,owns=io+mem,locks=none
[    0.208022] pci 0000:00:02.0: vgaarb: bridge control possible
[    0.209095] vgaarb: loaded
[    0.209634] ACPI: bus type USB registered
[    0.212040] usbcore: registered new interface driver usbfs
[    0.212984] usbcore: registered new interface driver hub
[    0.213821] usbcore: registered new device driver usb
[    0.214666] EDAC MC: Ver: 3.0.0
[    0.214666] PCI: Using ACPI for IRQ routing
[    0.216217] NetLabel: Initializing
[    0.216743] NetLabel:  domain hash size = 128
[    0.217361] NetLabel:  protocols = UNLABELED CIPSOv4 CALIPSO
[    0.218184] NetLabel:  unlabeled traffic allowed by default
[    0.218915] clocksource: Switched to clocksource kvm-clock
[    0.242745] VFS: Disk quotas dquot_6.6.0
[    0.243636] VFS: Dquot-cache hash table entries: 512 (order 0, 4096 bytes)
[    0.244730] AppArmor: AppArmor Filesystem Enabled
[    0.244730] pnp: PnP ACPI init
[    0.244730] pnp: PnP ACPI: found 3 devices
[    0.256652] clocksource: acpi_pm: mask: 0xffffff max_cycles: 0xffffff, max_idle_ns: 2085701024 ns
[    0.258494] NET: Registered protocol family 2
[    0.259497] IP idents hash table entries: 16384 (order: 5, 131072 bytes)
[    0.274195] TCP established hash table entries: 8192 (order: 4, 65536 bytes)
[    0.275466] TCP bind hash table entries: 8192 (order: 5, 131072 bytes)
[    0.276609] TCP: Hash tables configured (established 8192 bind 8192)
[    0.277723] UDP hash table entries: 512 (order: 2, 16384 bytes)
[    0.278880] UDP-Lite hash table entries: 512 (order: 2, 16384 bytes)
[    0.280007] NET: Registered protocol family 1
[    0.280577] pci 0000:00:00.0: Limiting direct PCI/PCI transfers
[    0.280577] pci 0000:00:01.0: Activating ISA DMA hang workarounds
[    0.280577] pci 0000:00:02.0: Video device with shadowed ROM at [mem 0x000c0000-0x000dffff]
[    0.280577] Unpacking initramfs...
[    0.280577] Freeing initrd memory: 19528K
[    0.280577] clocksource: tsc: mask: 0xffffffffffffffff max_cycles: 0x22df1149949, max_idle_ns: 440795312789 ns
[    0.280577] platform rtc_cmos: registered platform RTC device (no PNP device found)
[    0.280577] Scanning for low memory corruption every 60 seconds
[    0.650364] Initialise system trusted keyrings
[    0.651030] Key type blacklist registered
[    0.651634] workingset: timestamp_bits=36 max_order=18 bucket_order=0
[    0.653112] zbud: loaded
[    0.653947] squashfs: version 4.0 (2009/01/31) Phillip Lougher
[    0.655013] fuse init (API version 7.26)
[    0.657297] Key type asymmetric registered
[    0.657957] Asymmetric key parser 'x509' registered
[    0.658677] Block layer SCSI generic (bsg) driver version 0.4 loaded (major 246)
[    0.659653] io scheduler noop registered
[    0.660362] io scheduler deadline registered
[    0.661040] io scheduler cfq registered (default)
[    0.662086] ACPI: AC Adapter [AC] (on-line)
[    0.662704] input: Power Button as /devices/LNXSYSTM:00/LNXPWRBN:00/input/input0
[    0.663835] ACPI: Power Button [PWRF]
[    0.664459] input: Sleep Button as /devices/LNXSYSTM:00/LNXSLPBN:00/input/input1
[    0.665350] ACPI: Sleep Button [SLPF]
[    0.666576] ACPI: Battery Slot [BAT0] (battery present)
[    0.667503] Serial: 8250/16550 driver, 32 ports, IRQ sharing enabled
[    0.689268] 00:02: ttyS0 at I/O 0x3f8 (irq = 4, base_baud = 115200) is a 16550A
[    0.693078] Linux agpgart interface v0.103
[    0.697299] loop: module loaded
[    0.698232] scsi host0: ata_piix
[    0.698798] scsi host1: ata_piix
[    0.699301] ata1: PATA max UDMA/33 cmd 0x1f0 ctl 0x3f6 bmdma 0xd000 irq 14
[    0.700134] ata2: PATA max UDMA/33 cmd 0x170 ctl 0x376 bmdma 0xd008 irq 15
[    0.701032] tun: Universal TUN/TAP device driver, 1.6
[    0.701871] PPP generic driver version 2.4.2
[    0.702452] ehci_hcd: USB 2.0 'Enhanced' Host Controller (EHCI) Driver
[    0.703221] ehci-pci: EHCI PCI platform driver
[    0.703826] ehci-platform: EHCI generic platform driver
[    0.704529] ohci_hcd: USB 1.1 'Open' Host Controller (OHCI) Driver
[    0.705466] ohci-pci: OHCI PCI platform driver
[    0.706116] ohci-platform: OHCI generic platform driver
[    0.706895] uhci_hcd: USB Universal Host Controller Interface driver
[    0.707800] i8042: PNP: PS/2 Controller [PNP0303:PS2K,PNP0f03:PS2M] at 0x60,0x64 irq 1,12
[    0.709452] serio: i8042 KBD port at 0x60,0x64 irq 1
[    0.710243] serio: i8042 AUX port at 0x60,0x64 irq 12
[    0.711181] mousedev: PS/2 mouse device common for all mice
[    0.712450] input: AT Translated Set 2 keyboard as /devices/platform/i8042/serio0/input/input2
[    0.713786] rtc_cmos rtc_cmos: rtc core: registered rtc_cmos as rtc0
[    0.714711] rtc_cmos rtc_cmos: alarms up to one day, 114 bytes nvram
[    0.715605] i2c /dev entries driver
[    0.716206] device-mapper: uevent: version 1.0.3
[    0.716967] device-mapper: ioctl: 4.37.0-ioctl (2017-09-20) initialised: dm-devel@redhat.com
[    0.718067] ledtrig-cpu: registered to indicate activity on CPUs
[    0.719073] NET: Registered protocol family 10
[    0.723185] Segment Routing with IPv6
[    0.723880] NET: Registered protocol family 17
[    0.724675] Key type dns_resolver registered
[    0.725561] mce: Using 0 MCE banks
[    0.726101] RAS: Correctable Errors collector initialized.
[    0.726957] sched_clock: Marking stable (725528655, 0)->(870786589, -145257934)
[    0.728494] registered taskstats version 1
[    0.729105] Loading compiled-in X.509 certificates
[    0.732090] Loaded X.509 cert 'Build time autogenerated kernel key: b5b26778eaa3ab3a4a6cee031137706e947d12ad'
[    0.734221] Loaded X.509 cert 'Canonical Ltd. Live Patch Signing: 14df34d1a87cf37625abec039ef2bf521249b969'
[    0.736171] Loaded X.509 cert 'Canonical Ltd. Kernel Module Signing: 88f752e560a1e0737e31163a466ad7b70a850c19'
[    0.737545] blacklist: Loading compiled-in revocation X.509 certificates
[    0.738693] Loaded X.509 cert 'Canonical Ltd. Secure Boot Signing: 61482aa2830d0ab2ad5af10b7250da9033ddcef0'
[    0.740512] Loaded X.509 cert 'Canonical Ltd. Secure Boot Signing (2017): 242ade75ac4a15e50d50c84b0d45ff3eae707a03'
[    0.742160] Loaded X.509 cert 'Canonical Ltd. Secure Boot Signing (ESM 2018): 365188c1d374d6b07c3c8f240f8ef722433d6a8b'
[    0.743911] Loaded X.509 cert 'Canonical Ltd. Secure Boot Signing (2019): c0746fd6c5da3ae827864651ad66ae47fe24b3e8'
[    0.745387] Loaded X.509 cert 'Canonical Ltd. Secure Boot Signing (2021 v1): a8d54bbb3825cfb94fa13c9f8a594a195c107b8d'
[    0.746862] Loaded X.509 cert 'Canonical Ltd. Secure Boot Signing (2021 v2): 4cf046892d6fd3c9a5b03f98d845f90851dc6a8c'
[    0.748346] Loaded X.509 cert 'Canonical Ltd. Secure Boot Signing (2021 v3): 100437bb6de6e469b581e61cd66bce3ef4ed53af'
[    0.749838] Loaded X.509 cert 'Canonical Ltd. Secure Boot Signing (Ubuntu Core 2019): c1d57b8f6b743f23ee41f4f7ee292f06eecadfb9'
[    0.751465] zswap: loaded using pool lzo/zbud
[    0.755073] Key type big_key registered
[    0.755857] Key type trusted registered
[    0.758702] Key type encrypted registered
[    0.759597] AppArmor: AppArmor sha1 policy hashing enabled
[    0.760646] ima: No TPM chip found, activating TPM-bypass! (rc=-19)
[    0.761545] ima: Allocated hash algorithm: sha1
[    0.762268] evm: HMAC attrs: 0x1
[    0.763002]   Magic number: 0:809:240
[    0.763722] rtc_cmos rtc_cmos: setting system clock to 2024-03-10 18:12:10 UTC (1710094330)
[    0.765176] BIOS EDD facility v0.16 2004-Jun-25, 0 devices found
[    0.766118] EDD information not available.
[    0.891701] Freeing unused kernel image memory: 2480K
[    0.907699] Write protecting the kernel read-only data: 20480k
[    0.909174] Freeing unused kernel image memory: 2008K
[    0.910251] Freeing unused kernel image memory: 1820K
[    0.915564] x86/mm: Checked W+X mappings: passed, no W+X pages found.
[    0.916556] x86/mm: Checking user space page tables
[    0.921822] x86/mm: Checked W+X mappings: passed, no W+X pages found.
Loading, please wait...
starting version 237
[    0.982623] e1000: Intel(R) PRO/1000 Network Driver - version 7.3.21-k8-NAPI
[    0.983699] e1000: Copyright (c) 1999-2006 Intel Corporation.
[    0.987426] Fusion MPT base driver 3.04.20
[    0.988142] Copyright (c) 1999-2008 LSI Corporation
[    1.012871] Fusion MPT SPI Host driver 3.04.20
[    1.017350] AVX2 version of gcm_enc/dec engaged.
[    1.018330] AES CTR mode by8 optimization enabled
[    1.209666] input: ImExPS/2 Generic Explorer Mouse as /devices/platform/i8042/serio1/input/input4
[    1.377140] e1000 0000:00:03.0 eth0: (PCI:33MHz:32-bit) 02:3b:7b:b7:3b:2d
[    1.378371] e1000 0000:00:03.0 eth0: Intel(R) PRO/1000 Network Connection
[    1.380151] mptbase: ioc0: Initiating bringup
[    1.488883] ioc0: LSI53C1030 A0: Capabilities={Initiator}
[    1.730274] scsi host2: ioc0: LSI53C1030 A0, FwRev=00000000h, Ports=1, MaxQ=256, IRQ=20
[    1.909014] scsi 2:0:0:0: Direct-Access     VBOX     HARDDISK         1.0  PQ: 0 ANSI: 5
[    2.064175] scsi target2:0:0: Beginning Domain Validation
[    2.065835] scsi target2:0:0: Domain Validation skipping write tests
[    2.066735] scsi target2:0:0: Ending Domain Validation
[    2.067532] scsi target2:0:0: asynchronous
[    2.068437] scsi 2:0:1:0: Direct-Access     VBOX     HARDDISK         1.0  PQ: 0 ANSI: 5
[    2.290000] scsi target2:0:1: Beginning Domain Validation
[    2.294448] scsi target2:0:1: Domain Validation skipping write tests
[    2.297457] scsi target2:0:1: Ending Domain Validation
[    2.298644] e1000 0000:00:08.0 eth1: (PCI:33MHz:32-bit) 08:00:27:60:48:a7
[    2.299840] scsi target2:0:1: asynchronous
[    2.302279] e1000 0000:00:08.0 eth1: Intel(R) PRO/1000 Network Connection
[    2.313226] sd 2:0:0:0: Attached scsi generic sg0 type 0
[    2.314992] sd 2:0:0:0: [sda] 83886080 512-byte logical blocks: (42.9 GB/40.0 GiB)
[    2.317397] sd 2:0:0:0: [sda] Write Protect is off
[    2.318294] sd 2:0:0:0: [sda] Incomplete mode parameter data
[    2.319162] sd 2:0:0:0: [sda] Assuming drive cache: write through
[    2.320266] sd 2:0:1:0: Attached scsi generic sg1 type 0
[    2.321093] sd 2:0:1:0: [sdb] 20480 512-byte logical blocks: (10.5 MB/10.0 MiB)
[    2.322465] sd 2:0:1:0: [sdb] Write Protect is off
[    2.323566] sd 2:0:1:0: [sdb] Incomplete mode parameter data
[    2.324878] sd 2:0:1:0: [sdb] Assuming drive cache: write through
[    2.326207]  sda: sda1
[    2.327454] sd 2:0:0:0: [sda] Attached SCSI disk
[    2.328869] sd 2:0:1:0: [sdb] Attached SCSI disk
[    2.330279] e1000 0000:00:08.0 enp0s8: renamed from eth1
[    2.358607] e1000 0000:00:03.0 enp0s3: renamed from eth0
Begin: Loading essential drivers ... [    3.836183] raid6: sse2x1   gen() 12143 MB/s
[    3.884192] raid6: sse2x1   xor()  7064 MB/s
[    3.932215] raid6: sse2x2   gen() 14284 MB/s
[    3.980262] raid6: sse2x2   xor()  9772 MB/s
[    4.028234] raid6: sse2x4   gen() 15648 MB/s
[    4.076234] raid6: sse2x4   xor()  8649 MB/s
[    4.124234] raid6: avx2x1   gen() 24249 MB/s
[    4.172198] raid6: avx2x1   xor() 14711 MB/s
[    4.220174] raid6: avx2x2   gen() 30644 MB/s
[    4.268204] raid6: avx2x2   xor() 19552 MB/s
[    4.316210] raid6: avx2x4   gen() 29254 MB/s
[    4.364196] raid6: avx2x4   xor() 16236 MB/s
[    4.364885] raid6: using algorithm avx2x2 gen() 30644 MB/s
[    4.365622] raid6: .... xor() 19552 MB/s, rmw enabled
[    4.366284] raid6: using avx2x2 recovery algorithm
[    4.367981] xor: automatically using best checksumming function   avx       
[    4.370004] async_tx: api initialized (async)
done.
Begin: Running /scripts/init-premount ... done.
Begin: Mounting root file system ... Begin: Running /scripts/local-top ... done.
Begin: Running /scripts/local-premount ... [    4.415552] Btrfs loaded, crc32c=crc32c-intel
Scanning for Btrfs filesystems
done.
Warning: fsck not present, so skipping root file system
[    4.446778] EXT4-fs (sda1): mounted filesystem with ordered data mode. Opts: (null)
done.
Begin: Running /scripts/local-bottom ... done.
Begin: Running /scripts/init-bottom ... done.
[    4.630107] ip_tables: (C) 2000-2006 Netfilter Core Team
[    4.637660] systemd[1]: systemd 237 running in system mode. (+PAM +AUDIT +SELINUX +IMA +APPARMOR +SMACK +SYSVINIT +UTMP +LIBCRYPTSETUP +GCRYPT +GNUTLS +ACL +XZ +LZ4 +SECCOMP +BLKID +ELFUTILS +KMOD -IDN2 +IDN -PCRE2 default-hierarchy=hybrid)
[    4.641819] systemd[1]: Detected virtualization oracle.
[    4.642618] systemd[1]: Detected architecture x86-64.

Welcome to [1mUbuntu 18.04.6 LTS[0m!

[    4.647784] systemd[1]: Set hostname to <ubuntu>.
[    4.650116] systemd[1]: Initializing machine ID from random generator.
[    4.651472] systemd[1]: Installed transient /etc/machine-id file.
[    4.845367] systemd[1]: Created slice User and Session Slice.
[[0;32m  OK  [0m] Created slice User and Session Slice.
[    4.846788] systemd[1]: Set up automount Arbitrary Executable File Formats File System Automount Point.
[[0;32m  OK  [0m] Set up automount Arbitrary Executab…rmats File System Automount Point.
[    4.848527] systemd[1]: Reached target User and Group Name Lookups.
[[0;32m  OK  [0m] Reached target User and Group Name Lookups.
[    4.849801] systemd[1]: Started Forward Password Requests to Wall Directory Watch.
[[0;32m  OK  [0m] Started Forward Password Requests to Wall Directory Watch.
[[0;32m  OK  [0m] Created slice System Slice.
[[0;32m  OK  [0m] Listening on LVM2 metadata daemon socket.
[[0;32m  OK  [0m] Listening on udev Control Socket.
[[0;32m  OK  [0m] Listening on /dev/initctl Compatibility Named Pipe.
[[0;32m  OK  [0m] Listening on udev Kernel Socket.
[[0;32m  OK  [0m] Created slice system-serial\x2dgetty.slice.
[[0;32m  OK  [0m] Listening on Device-mapper event daemon FIFOs.
[[0;32m  OK  [0m] Listening on Journal Socket.
         Starting Create list of required st…ce nodes for the current kernel...
         Starting udev Coldplug all Devices...
         Starting Monitoring of LVM2 mirrors…ng dmeventd or progress polling...
[[0;32m  OK  [0m] Listening on LVM2 poll daemon socket.
         Starting Uncomplicated firewall...
[[0;32m  OK  [0m] Listening on Network Service Netlink Socket.
[[0;32m  OK  [0m] Reached target Slices.
         Starting Load Kernel Modules...
         Mounting POSIX Message Queue File System...
[[0;32m  OK  [0m] Listening on Syslog Socket.
         Mounting Huge Pages File System...
[[0;32m  OK  [0m] Reached target Mounting snaps.
[[0;32m  OK  [0m] Reached target Mounted snaps.
[[0;32m  OK  [0m] Listening on Journal Audit Socket.
[[0;32m  OK  [0m] Reached target Swap.
         Starting Set the console keyboard layout...
[[0;32m  OK  [0m] Listening on Journal Socket (/dev/log).
         Starting Journal Service...
[[0;32m  OK  [0m] Reached target System Time Synchronized.
         Mounting Kernel Debug File System...
[[0;32m  OK  [0m] Listening on fsck to fsckd communication Socket.
         Starting File System Check on Root Device...
[[0;32m  OK  [0m] Started LVM2 metadata daemon.
[[0;32m  OK  [0m] Started Create list of required sta…vice nodes for the current kernel.
         Starting Create Static Device Nodes in /dev...
[[0;32m  OK  [0m] Started Uncomplicated firewall.
[    5.035037] Loading iSCSI transport class v2.0-870.
[[0;32m  OK  [0m] Started udev Coldplug all Devices.
[    5.041169] iscsi: registered transport (tcp)
[[0;32m  OK  [0m] Started File System Check Daemon to report status.
[[0;32m  OK  [0m] Started Create Static Device Nodes in /dev.
[[0;32m  OK  [0m] Started Journal Service.
[[0;32m  OK  [0m] Started File System Check on Root Device.
[    5.150878] iscsi: registered transport (iser)
         Starting Remount Root and Kernel File Systems...
[[0;32m  OK  [0m] Started Load Kernel Modules.
         Mounting FUSE Control File System...
         Mounting Kernel Configuration File System...
         Starting Apply Kernel Variables...
[[0;32m  OK  [0m] Mounted POSIX Message Queue File System.
[[0;32m  OK  [0m] Mounted Huge Pages File System.
[[0;32m  OK  [0m] Mounted Kernel Debug File System.
[[0;32m  OK  [0m] Mounted FUSE Control File System.
[[0;32m  OK  [0m] Mounted Kernel Configuration File System.
[[0;32m  OK  [0m] Started Monitoring of LVM2 mirrors,…sing dmeventd or progress polling.
[[0;32m  OK  [0m] Started Remount Root and Kernel File Systems.
         Starting udev Kernel Device Manager...
         Starting Flush Journal to Persistent Storage...
         Starting Load/Save Random Seed...
[[0;32m  OK  [0m] Started Apply Kernel Variables.
[[0;32m  OK  [0m] Started udev Kernel Device Manager.
[[0;32m  OK  [0m] Started Load/Save Random Seed.
[[0;32m  OK  [0m] Started Flush Journal to Persistent Storage.
[[0;32m  OK  [0m] Found device /dev/ttyS0.
[[0;32m  OK  [0m] Listening on Load/Save RF Kill Switch Status /dev/rfkill Watch.
         Mounting Arbitrary Executable File Formats File System...
[[0;32m  OK  [0m] Mounted Arbitrary Executable File Formats File System.
[[0;32m  OK  [0m] Started Set the console keyboard layout.
[[0;32m  OK  [0m] Reached target Local File Systems (Pre).
[[0;32m  OK  [0m] Reached target Local File Systems.
         Starting Commit a transient machine-id on disk...
         Starting Set console font and keymap...
         Starting AppArmor initialization...
         Starting ebtables ruleset management...
         Starting Tell Plymouth To Write Out Runtime Data...
         Starting Create Volatile Files and Directories...
[[0;32m  OK  [0m] Started Dispatch Password Requests to Console Directory Watch.
[[0;32m  OK  [0m] Reached target Local Encrypted Volumes.
[[0;32m  OK  [0m] Started Tell Plymouth To Write Out Runtime Data.
[[0;32m  OK  [0m] Started Create Volatile Files and Directories.
         Starting Update UTMP about System Boot/Shutdown...
[[0;32m  OK  [0m] Started Update UTMP about System Boot/Shutdown.
[[0;32m  OK  [0m] Started Commit a transient machine-id on disk.
[[0;32m  OK  [0m] Started ebtables ruleset management.
[[0;32m  OK  [0m] Started AppArmor initialization.
         Starting Load AppArmor profiles managed internally by snapd...
         Starting Initial cloud-init job (pre-networking)...
[[0;32m  OK  [0m] Started Load AppArmor profiles managed internally by snapd.
[[0;32m  OK  [0m] Started Set console font and keymap.
[    8.066204] cloud-init[832]: Cloud-init v. 23.1.2-0ubuntu0~18.04.1 running 'init-local' at Sun, 10 Mar 2024 18:12:17 +0000. Up 7.73 seconds.
[[0;32m  OK  [0m] Started Initial cloud-init job (pre-networking).
[[0;32m  OK  [0m] Reached target Network (Pre).
         Starting Network Service...
[[0;32m  OK  [0m] Started Network Service.
         Starting Wait for Network to be Configured...
         Starting Network Name Resolution...
[[0;32m  OK  [0m] Started Network Name Resolution.
[[0;32m  OK  [0m] Reached target Host and Network Name Lookups.
[[0;32m  OK  [0m] Reached target Network.
[[0;32m  OK  [0m] Started Wait for Network to be Configured.
         Starting Initial cloud-init job (metadata service crawler)...
[   10.329370] cloud-init[994]: Cloud-init v. 23.1.2-0ubuntu0~18.04.1 running 'init' at Sun, 10 Mar 2024 18:12:19 +0000. Up 10.19 seconds.
[   10.330528] cloud-init[994]: ci-info: ++++++++++++++++++++++++++++++++++++++Net device info+++++++++++++++++++++++++++++++++++++++
[   10.331530] cloud-init[994]: ci-info: +--------+-------+----------------------------+---------------+--------+-------------------+
[   10.332506] cloud-init[994]: ci-info: | Device |   Up  |          Address           |      Mask     | Scope  |     Hw-Address    |
[   10.333415] cloud-init[994]: ci-info: +--------+-------+----------------------------+---------------+--------+-------------------+
[   10.334431] cloud-init[994]: ci-info: | enp0s3 |  True |         10.0.2.15          | 255.255.255.0 | global | 02:3b:7b:b7:3b:2d |
[   10.335394] cloud-init[994]: ci-info: | enp0s3 |  True | fe80::3b:7bff:feb7:3b2d/64 |       .       |  link  | 02:3b:7b:b7:3b:2d |
[   10.336383] cloud-init[994]: ci-info: | enp0s8 | False |             .              |       .       |   .    | 08:00:27:60:48:a7 |
[   10.337192] cloud-init[994]: ci-info: |   lo   |  True |         127.0.0.1          |   255.0.0.0   |  host  |         .         |
[   10.338004] cloud-init[994]: ci-info: |   lo   |  True |          ::1/128           |       .       |  host  |         .         |
[   10.348407] cloud-init[994]: ci-info: +--------+-------+----------------------------+---------------+--------+-------------------+
[   10.349157] cloud-init[994]: ci-info: ++++++++++++++++++++++++++++Route IPv4 info+++++++++++++++++++++++++++++
[   10.349831] cloud-init[994]: ci-info: +-------+-------------+----------+-----------------+-----------+-------+
[   10.350442] cloud-init[994]: ci-info: | Route | Destination | Gateway  |     Genmask     | Interface | Flags |
[   10.351004] cloud-init[994]: ci-info: +-------+-------------+----------+-----------------+-----------+-------+
[   10.351626] cloud-init[994]: ci-info: |   0   |   0.0.0.0   | 10.0.2.2 |     0.0.0.0     |   enp0s3  |   UG  |
[   10.352247] cloud-init[994]: ci-info: |   1   |   10.0.2.0  | 0.0.0.0  |  255.255.255.0  |   enp0s3  |   U   |
[   10.352903] cloud-init[994]: ci-info: |   2   |   10.0.2.2  | 0.0.0.0  | 255.255.255.255 |   enp0s3  |   UH  |
[   10.353481] cloud-init[994]: ci-info: +-------+-------------+----------+-----------------+-----------+-------+
[   10.354602] cloud-init[994]: ci-info: +++++++++++++++++++Route IPv6 info+++++++++++++++++++
[   10.355359] cloud-init[994]: ci-info: +-------+-------------+---------+-----------+-------+
[   10.356282] cloud-init[994]: ci-info: | Route | Destination | Gateway | Interface | Flags |
[   10.357016] cloud-init[994]: ci-info: +-------+-------------+---------+-----------+-------+
[   10.357744] cloud-init[994]: ci-info: |   1   |  fe80::/64  |    ::   |   enp0s3  |   U   |
[   10.358438] cloud-init[994]: ci-info: |   3   |    local    |    ::   |   enp0s3  |   U   |
[   10.368271] cloud-init[994]: ci-info: |   4   |   ff00::/8  |    ::   |   enp0s3  |   U   |
[   10.368877] cloud-init[994]: ci-info: +-------+-------------+---------+-----------+-------+
[   12.103721] cloud-init[994]: Generating public/private rsa key pair.
[   12.128314] cloud-init[994]: Your identification has been saved in /etc/ssh/ssh_host_rsa_key.
[   12.129477] cloud-init[994]: Your public key has been saved in /etc/ssh/ssh_host_rsa_key.pub.
[   12.130596] cloud-init[994]: The key fingerprint is:
[   12.131177] cloud-init[994]: SHA256:YManceATlnAGOWMZd/HhIzQ3EK5u/BWv4SMlz8VxuNA root@ubuntu-bionic
[   12.132262] cloud-init[994]: The key's randomart image is:
[   12.132981] cloud-init[994]: +---[RSA 2048]----+
[   12.133537] cloud-init[994]: |    +*B.B++      |
[   12.133987] cloud-init[994]: |    *B.* = o     |
[   12.134396] cloud-init[994]: |   . oO = +. .   |
[   12.134812] cloud-init[994]: |     o O ...E .  |
[   12.135188] cloud-init[994]: |      o S .o +   |
[   12.135544] cloud-init[994]: |     o  . .o+    |
[   12.135898] cloud-init[994]: |      +  =o..    |
[   12.136288] cloud-init[994]: |     . ..o+o     |
[   12.136616] cloud-init[994]: |        ..o.     |
[   12.136978] cloud-init[994]: +----[SHA256]-----+
[   12.137369] cloud-init[994]: Generating public/private dsa key pair.
[   12.137877] cloud-init[994]: Your identification has been saved in /etc/ssh/ssh_host_dsa_key.
[   12.138430] cloud-init[994]: Your public key has been saved in /etc/ssh/ssh_host_dsa_key.pub.
[   12.138987] cloud-init[994]: The key fingerprint is:
[   12.139349] cloud-init[994]: SHA256:9XlSwR+Os6B8XVsneHpQ/iXhh2GZs3AW3pBDMRbvhDM root@ubuntu-bionic
[   12.140067] cloud-init[994]: The key's randomart image is:
[   12.140464] cloud-init[994]: +---[DSA 1024]----+
[   12.140812] cloud-init[994]: |             oXB |
[   12.160308] cloud-init[994]: |            .o#O |
[   12.160698] cloud-init[994]: |          .  XEO=|
[   12.161040] cloud-init[994]: |         . oo=OB*|
[   12.161415] cloud-init[994]: |        S . *+==*|
[   12.161723] cloud-init[994]: |         o ..=...|
[   12.162060] cloud-init[994]: |          .  .   |
[   12.162363] cloud-init[994]: |                 |
[   12.162825] cloud-init[994]: |                 |
[   12.163291] cloud-init[994]: +----[SHA256]-----+
[   12.163739] cloud-init[994]: Generating public/private ecdsa key pair.
[   12.164375] cloud-init[994]: Your identification has been saved in /etc/ssh/ssh_host_ecdsa_key.
[   12.165118] cloud-init[994]: Your public key has been saved in /etc/ssh/ssh_host_ecdsa_key.pub.
[   12.165919] cloud-init[994]: The key fingerprint is:
[   12.166477] cloud-init[994]: SHA256:hfxAuzFFaJq8Af6EOZXe+eudHXOxsk35VBNC8j5gGmE root@ubuntu-bionic
[   12.167301] cloud-init[994]: The key's randomart image is:
[   12.167829] cloud-init[994]: +---[ECDSA 256]---+
[   12.168332] cloud-init[994]: |       ..Eo. .   |
[   12.168833] cloud-init[994]: |    . oo++. +    |
[   12.169321] cloud-init[994]: |   . B =Bo.o o . |
[   12.169775] cloud-init[994]: |    = B oB+ o . .|
[   12.170231] cloud-init[994]: |     + oSo.  o o.|
[   12.170763] cloud-init[994]: |      o   .   . *|
[   12.171299] cloud-init[994]: |           . .o+o|
[   12.171845] cloud-init[994]: |          .. o==.|
[   12.172241] cloud-init[994]: |         .. o....|
[   12.172571] cloud-init[994]: +----[SHA256]-----+
[   12.172993] cloud-init[994]: Generating public/private ed25519 key pair.
[   12.173553] cloud-init[994]: Your identification has been saved in /etc/ssh/ssh_host_ed25519_key.
[   12.174213] cloud-init[994]: Your public key has been saved in /etc/ssh/ssh_host_ed25519_key.pub.
[   12.174774] cloud-init[994]: The key fingerprint is:
[   12.175121] cloud-init[994]: SHA256:/VGINMxW9OSbcRDrZTzx1hORYaiDeC43FMZmTheOCCQ root@ubuntu-bionic
[   12.175776] cloud-init[994]: The key's randomart image is:
[   12.176151] cloud-init[994]: +--[ED25519 256]--+
[   12.176449] cloud-init[994]: |   E.o  .oo++ =B+|
[   12.176743] cloud-init[994]: |    . . .O*+ *.==|
[   12.177040] cloud-init[994]: |       .Bo=.o *oO|
[   12.177410] cloud-init[994]: |       . * o o Oo|
[   12.177733] cloud-init[994]: |        S . o +  |
[   12.178076] cloud-init[994]: |       . + . .   |
[   12.178364] cloud-init[994]: |        o . .    |
[   12.178653] cloud-init[994]: |                 |
[   12.178979] cloud-init[994]: |                 |
[   12.179318] cloud-init[994]: +----[SHA256]-----+
[[0;32m  OK  [0m] Started Initial cloud-init job (metadata service crawler).
[[0;32m  OK  [0m] Reached target System Initialization.
[[0;32m  OK  [0m] Listening on Open-iSCSI iscsid Socket.
         Starting Socket activation for snappy daemon.
[[0;32m  OK  [0m] Listening on cloud-init hotplug hook socket.
         Starting LXD - unix socket.
[[0;32m  OK  [0m] Started ACPI Events Check.
[[0;32m  OK  [0m] Reached target Paths.
[[0;32m  OK  [0m] Started Daily apt download activities.
[[0;32m  OK  [0m] Listening on UUID daemon activation socket.
[[0;32m  OK  [0m] Listening on D-Bus System Message Bus Socket.
[[0;32m  OK  [0m] Started Message of the Day.
[[0;32m  OK  [0m] Started Ubuntu Advantage Timer for running repeated jobs.
[[0;32m  OK  [0m] Started Daily apt upgrade and clean activities.
[[0;32m  OK  [0m] Started Daily Cleanup of Temporary Directories.
[[0;32m  OK  [0m] Listening on ACPID Listen Socket.
[[0;32m  OK  [0m] Started Discard unused blocks once a week.
[[0;32m  OK  [0m] Reached target Timers.
[[0;32m  OK  [0m] Reached target Cloud-config availability.
[[0;32m  OK  [0m] Reached target Network is Online.
[[0;32m  OK  [0m] Reached target Remote File Systems (Pre).
[[0;32m  OK  [0m] Reached target Remote File Systems.
         Starting Availability of block devices...
[[0;32m  OK  [0m] Listening on Socket activation for snappy daemon.
[[0;32m  OK  [0m] Listening on LXD - unix socket.
[[0;32m  OK  [0m] Started Availability of block devices.
[[0;32m  OK  [0m] Reached target Sockets.
[[0;32m  OK  [0m] Reached target Basic System.
[[0;32m  OK  [0m] Started irqbalance daemon.
[[0;32m  OK  [0m] Reached target Login Prompts (Pre).
         Starting LSB: Record successful boot for GRUB...
         Starting LSB: automatic crash report generation...
[[0;32m  OK  [0m] Started Deferred execution scheduler.
[[0;32m  OK  [0m] Started Regular background program processing daemon.
         Starting LXD - container startup/shutdown...
         Starting Pollinate to seed the pseudo random number generator...
         Starting Dispatcher daemon for systemd-networkd...
         Starting System Logging Service...
         Starting Login Service...
         Starting Virtualbox guest utils...
[[0;32m  OK  [0m] Started FUSE filesystem for LXC.
         Starting Permit User Sessions...
[[0;32m  OK  [0m] Started D-Bus System Message Bus.
[[0;32m  OK  [0m] Started Login Service.
[[0;32m  OK  [0m] Started Unattended Upgrades Shutdown.
         Starting Accounts Service...
         Starting Snap Daemon...
[[0;32m  OK  [0m] Started System Logging Service.
[[0;32m  OK  [0m] Started LXD - container startup/shutdown.
[[0;32m  OK  [0m] Started Permit User Sessions.
         Starting Hold until boot process finishes up...
         Starting Terminate Plymouth Boot Screen...
[[0;32m  OK  [0m] Started Hold until boot process finishes up.
[[0;32m  OK  [0m] Started Serial Getty on ttyS0.
         Starting Set console scheme...
[[0;32m  OK  [0m] Started Terminate Plymouth Boot Screen.
[[0;32m  OK  [0m] Started LSB: automatic crash report generation.
[[0;32m  OK  [0m] Started Set console scheme.
[[0;32m  OK  [0m] Created slice system-getty.slice.
[[0;32m  OK  [0m] Started Getty on tty1.
[[0;32m  OK  [0m] Reached target Login Prompts.
         Starting Authorization Manager...
[[0;32m  OK  [0m] Started Authorization Manager.
[[0;32m  OK  [0m] Started LSB: Record successful boot for GRUB.
[[0;32m  OK  [0m] Started Accounts Service.
[[0;32m  OK  [0m] Started Virtualbox guest utils.
[[0;32m  OK  [0m] Started Dispatcher daemon for systemd-networkd.
[[0;32m  OK  [0m] Started Snap Daemon.
         Starting Wait until snapd is fully seeded...
         Starting Time & Date Service...
[[0;32m  OK  [0m] Started Time & Date Service.
[[0;32m  OK  [0m] Started Pollinate to seed the pseudo random number generator.
         Starting OpenBSD Secure Shell server...
[[0;32m  OK  [0m] Started OpenBSD Secure Shell server.
[[0;32m  OK  [0m] Created slice User Slice of vagrant.
         Starting User Manager for UID 1000...
[[0;32m  OK  [0m] Started Session 1 of user vagrant.
[[0;32m  OK  [0m] Started User Manager for UID 1000.
[[0;32m  OK  [0m] Started Wait until snapd is fully seeded.
         Starting Apply the settings specified in cloud-config...
[   17.889648] cloud-init[1691]: Cloud-init v. 23.1.2-0ubuntu0~18.04.1 running 'modules:config' at Sun, 10 Mar 2024 18:12:27 +0000. Up 17.38 seconds.
ci-info: no authorized SSH keys fingerprints found for user ubuntu.
<14>Mar 10 18:12:28 cloud-init: #############################################################
<14>Mar 10 18:12:28 cloud-init: -----BEGIN SSH HOST KEY FINGERPRINTS-----
<14>Mar 10 18:12:28 cloud-init: 1024 SHA256:9XlSwR+Os6B8XVsneHpQ/iXhh2GZs3AW3pBDMRbvhDM root@ubuntu-bionic (DSA)
<14>Mar 10 18:12:28 cloud-init: 256 SHA256:hfxAuzFFaJq8Af6EOZXe+eudHXOxsk35VBNC8j5gGmE root@ubuntu-bionic (ECDSA)
<14>Mar 10 18:12:28 cloud-init: 256 SHA256:/VGINMxW9OSbcRDrZTzx1hORYaiDeC43FMZmTheOCCQ root@ubuntu-bionic (ED25519)
<14>Mar 10 18:12:28 cloud-init: 2048 SHA256:YManceATlnAGOWMZd/HhIzQ3EK5u/BWv4SMlz8VxuNA root@ubuntu-bionic (RSA)
<14>Mar 10 18:12:28 cloud-init: -----END SSH HOST KEY FINGERPRINTS-----
<14>Mar 10 18:12:28 cloud-init: #############################################################
-----BEGIN SSH HOST KEY KEYS-----
ecdsa-sha2-nistp256 AAAAE2VjZHNhLXNoYTItbmlzdHAyNTYAAAAIbmlzdHAyNTYAAABBBF0ykcCRe+FTr+QEYqMIBrAf1a2P824ybPxyPbH4m2jyanG0Gmdmtwu3CGX3j4F8PADJ7hPv3f2QpMmrL1cyrw8= root@ubuntu-bionic
ssh-ed25519 AAAAC3NzaC1lZDI1NTE5AAAAIAa0rj8a4bVeJakWsKHtHSfJs8EGhNph4fyP6JKOFhzW root@ubuntu-bionic
ssh-rsa AAAAB3NzaC1yc2EAAAADAQABAAABAQC6WOIIL8MKr+2l52UcItnhR0H65vaEXl1YMJ0SdsN8X25qRjYM31zBAzMnxKEfEU/6BeeCo6QnnjxyHhAlGm7k1dGaoKd9FK349qn3EDInA/4/m6cwWTzevIu9zVL8vYGyz76+F5q6R0btuVQJGi/iudSEbm49VHjzTG25/LgkETNorG2WS6U3jeqnLpccWsx/0JAF9AVLIObwGuhgmallvYDvDnQL8/W+Yuk1cuVsq1sJa8QKKPgdLhHhzaD8XNjLIhaohSIa0PHERf+wq43W2mFhPom2yVhcepsBglCiv2+7OciGMr5I9ck0H2E4LCmKNa/mPNdAVKZu/nMSfweD root@ubuntu-bionic
-----END SSH HOST KEY KEYS-----
[   18.529270] cloud-init[1833]: Cloud-init v. 23.1.2-0ubuntu0~18.04.1 running 'modules:final' at Sun, 10 Mar 2024 18:12:28 +0000. Up 18.34 seconds.
[   18.530633] cloud-init[1833]: Cloud-init v. 23.1.2-0ubuntu0~18.04.1 finished at Sun, 10 Mar 2024 18:12:28 +0000. Datasource DataSourceNoCloud [seed=/dev/sdb][dsmode=net].  Up 18.52 seconds

Ubuntu 18.04.6 LTS worker ttyS0

worker login:                                                                                                                                                                                                                                                                